Thread-1 (get_timestamp) 1713169600.520913 <html>
<head><title>404 Not Found</title></head>
<body>
<center><h1>404 Not Found</h1></center>
<hr><center>nginx/1.25.3</center>
</body>
</html>

Thread-2 (get_timestamp) 1713169601.526392 <html>
<head><title>404 Not Found</title></head>
<body>
<center><h1>404 Not Found</h1></center>
<hr><center>nginx/1.25.3</center>
</body>
</html>

Thread-1 (get_timestamp) 1713169601.550075 <html>
<head><title>404 Not Found</title></head>
<body>
<center><h1>404 Not Found</h1></center>
<hr><center>nginx/1.25.3</center>
</body>
</html>

Thread-3 (get_timestamp) 1713169602.532097 <html>
<head><title>404 Not Found</title></head>
<body>
<center><h1>404 Not Found</h1></center>
<hr><center>nginx/1.25.3</center>
</body>
</html>

Thread-2 (get_timestamp) 1713169602.537666 <html>
<head><title>404 Not Found</title></head>
<body>
<center><h1>404 Not Found</h1></center>
<hr><center>nginx/1.25.3</center>
</body>
</html>

Thread-1 (get_timestamp) 1713169602.555632 <html>
<head><title>404 Not Found</title></head>
<body>
<center><h1>404 Not Found</h1></center>
<hr><center>nginx/1.25.3</center>
</body>
</html>

Thread-4 (get_timestamp) 1713169603.534065 <html>
<head><title>404 Not Found</title></head>
<body>
<center><h1>404 Not Found</h1></center>
<hr><center>nginx/1.25.3</center>
</body>
</html>

Thread-2 (get_timestamp) 1713169603.543891 <html>
<head><title>404 Not Found</title></head>
<body>
<center><h1>404 Not Found</h1></center>
<hr><center>nginx/1.25.3</center>
</body>
</html>

Thread-3 (get_timestamp) 1713169603.542467 <html>
<head><title>404 Not Found</title></head>
<body>
<center><h1>404 Not Found</h1></center>
<hr><center>nginx/1.25.3</center>
</body>
</html>

Thread-1 (get_timestamp) 1713169603.565041 <html>
<head><title>404 Not Found</title></head>
<body>
<center><h1>404 Not Found</h1></center>
<hr><center>nginx/1.25.3</center>
</body>
</html>

Thread-5 (get_timestamp) 1713169604.536082 <html>
<head><title>404 Not Found</title></head>
<body>
<center><h1>404 Not Found</h1></center>
<hr><center>nginx/1.25.3</center>
</body>
</html>

Thread-4 (get_timestamp) 1713169604.54131 <html>
<head><title>404 Not Found</title></head>
<body>
<center><h1>404 Not Found</h1></center>
<hr><center>nginx/1.25.3</center>
</body>
</html>

Thread-2 (get_timestamp) 1713169604.585599 <html>
<head><title>404 Not Found</title></head>
<body>
<center><h1>404 Not Found</h1></center>
<hr><center>nginx/1.25.3</center>
</body>
</html>

Thread-1 (get_timestamp) 1713169604.587045 <html>
<head><title>404 Not Found</title></head>
<body>
<center><h1>404 Not Found</h1></center>
<hr><center>nginx/1.25.3</center>
</body>
</html>

Thread-3 (get_timestamp) 1713169604.586763 <html>
<head><title>404 Not Found</title></head>
<body>
<center><h1>404 Not Found</h1></center>
<hr><center>nginx/1.25.3</center>
</body>
</html>

Thread-6 (get_timestamp) 1713169605.540973 <html>
<head><title>404 Not Found</title></head>
<body>
<center><h1>404 Not Found</h1></center>
<hr><center>nginx/1.25.3</center>
</body>
</html>

Thread-5 (get_timestamp) 1713169605.54219 <html>
<head><title>404 Not Found</title></head>
<body>
<center><h1>404 Not Found</h1></center>
<hr><center>nginx/1.25.3</center>
</body>
</html>

Thread-4 (get_timestamp) 1713169605.547781 <html>
<head><title>404 Not Found</title></head>
<body>
<center><h1>404 Not Found</h1></center>
<hr><center>nginx/1.25.3</center>
</body>
</html>

Thread-1 (get_timestamp) 1713169605.602247 <html>
<head><title>404 Not Found</title></head>
<body>
<center><h1>404 Not Found</h1></center>
<hr><center>nginx/1.25.3</center>
</body>
</html>

Thread-2 (get_timestamp) 1713169605.600862 <html>
<head><title>404 Not Found</title></head>
<body>
<center><h1>404 Not Found</h1></center>
<hr><center>nginx/1.25.3</center>
</body>
</html>

Thread-3 (get_timestamp) 1713169605.601974 <html>
<head><title>404 Not Found</title></head>
<body>
<center><h1>404 Not Found</h1></center>
<hr><center>nginx/1.25.3</center>
</body>
</html>

Thread-7 (get_timestamp) 1713169606.543979 <html>
<head><title>404 Not Found</title></head>
<body>
<center><h1>404 Not Found</h1></center>
<hr><center>nginx/1.25.3</center>
</body>
</html>

Thread-6 (get_timestamp) 1713169606.54717 <html>
<head><title>404 Not Found</title></head>
<body>
<center><h1>404 Not Found</h1></center>
<hr><center>nginx/1.25.3</center>
</body>
</html>

Thread-4 (get_timestamp) 1713169606.551868 <html>
<head><title>404 Not Found</title></head>
<body>
<center><h1>404 Not Found</h1></center>
<hr><center>nginx/1.25.3</center>
</body>
</html>

Thread-5 (get_timestamp) 1713169606.548304 <html>
<head><title>404 Not Found</title></head>
<body>
<center><h1>404 Not Found</h1></center>
<hr><center>nginx/1.25.3</center>
</body>
</html>

Thread-1 (get_timestamp) 1713169606.613696 <html>
<head><title>404 Not Found</title></head>
<body>
<center><h1>404 Not Found</h1></center>
<hr><center>nginx/1.25.3</center>
</body>
</html>

Thread-3 (get_timestamp) 1713169606.615132 <html>
<head><title>404 Not Found</title></head>
<body>
<center><h1>404 Not Found</h1></center>
<hr><center>nginx/1.25.3</center>
</body>
</html>

Thread-2 (get_timestamp) 1713169606.614855 <html>
<head><title>404 Not Found</title></head>
<body>
<center><h1>404 Not Found</h1></center>
<hr><center>nginx/1.25.3</center>
</body>
</html>

Thread-8 (get_timestamp) 1713169607.54815 <html>
<head><title>404 Not Found</title></head>
<body>
<center><h1>404 Not Found</h1></center>
<hr><center>nginx/1.25.3</center>
</body>
</html>

Thread-7 (get_timestamp) 1713169607.551142 <html>
<head><title>404 Not Found</title></head>
<body>
<center><h1>404 Not Found</h1></center>
<hr><center>nginx/1.25.3</center>
</body>
</html>

Thread-6 (get_timestamp) 1713169607.558973 <html>
<head><title>404 Not Found</title></head>
<body>
<center><h1>404 Not Found</h1></center>
<hr><center>nginx/1.25.3</center>
</body>
</html>

Thread-5 (get_timestamp) 1713169607.562433 <html>
<head><title>404 Not Found</title></head>
<body>
<center><h1>404 Not Found</h1></center>
<hr><center>nginx/1.25.3</center>
</body>
</html>

Thread-4 (get_timestamp) 1713169607.562124 <html>
<head><title>404 Not Found</title></head>
<body>
<center><h1>404 Not Found</h1></center>
<hr><center>nginx/1.25.3</center>
</body>
</html>

Thread-1 (get_timestamp) 1713169607.628713 <html>
<head><title>404 Not Found</title></head>
<body>
<center><h1>404 Not Found</h1></center>
<hr><center>nginx/1.25.3</center>
</body>
</html>

Thread-3 (get_timestamp) 1713169607.629794 <html>
<head><title>404 Not Found</title></head>
<body>
<center><h1>404 Not Found</h1></center>
<hr><center>nginx/1.25.3</center>
</body>
</html>

Thread-2 (get_timestamp) 1713169607.630741 <html>
<head><title>404 Not Found</title></head>
<body>
<center><h1>404 Not Found</h1></center>
<hr><center>nginx/1.25.3</center>
</body>
</html>

Thread-9 (get_timestamp) 1713169608.549474 <html>
<head><title>404 Not Found</title></head>
<body>
<center><h1>404 Not Found</h1></center>
<hr><center>nginx/1.25.3</center>
</body>
</html>

Thread-8 (get_timestamp) 1713169608.558453 <html>
<head><title>404 Not Found</title></head>
<body>
<center><h1>404 Not Found</h1></center>
<hr><center>nginx/1.25.3</center>
</body>
</html>

Thread-7 (get_timestamp) 1713169608.560249 <html>
<head><title>404 Not Found</title></head>
<body>
<center><h1>404 Not Found</h1></center>
<hr><center>nginx/1.25.3</center>
</body>
</html>

Thread-5 (get_timestamp) 1713169608.572029 <html>
<head><title>404 Not Found</title></head>
<body>
<center><h1>404 Not Found</h1></center>
<hr><center>nginx/1.25.3</center>
</body>
</html>

Thread-4 (get_timestamp) 1713169608.572348 <html>
<head><title>404 Not Found</title></head>
<body>
<center><h1>404 Not Found</h1></center>
<hr><center>nginx/1.25.3</center>
</body>
</html>

Thread-6 (get_timestamp) 1713169608.570834 <html>
<head><title>404 Not Found</title></head>
<body>
<center><h1>404 Not Found</h1></center>
<hr><center>nginx/1.25.3</center>
</body>
</html>

Thread-2 (get_timestamp) 1713169608.641681 <html>
<head><title>404 Not Found</title></head>
<body>
<center><h1>404 Not Found</h1></center>
<hr><center>nginx/1.25.3</center>
</body>
</html>

Thread-3 (get_timestamp) 1713169608.642646 <html>
<head><title>404 Not Found</title></head>
<body>
<center><h1>404 Not Found</h1></center>
<hr><center>nginx/1.25.3</center>
</body>
</html>

Thread-1 (get_timestamp) 1713169608.640616 <html>
<head><title>404 Not Found</title></head>
<body>
<center><h1>404 Not Found</h1></center>
<hr><center>nginx/1.25.3</center>
</body>
</html>

Thread-9 (get_timestamp) 1713169609.556033 <html>
<head><title>404 Not Found</title></head>
<body>
<center><h1>404 Not Found</h1></center>
<hr><center>nginx/1.25.3</center>
</body>
</html>

Thread-10 (get_timestamp) 1713169609.554909 <html>
<head><title>404 Not Found</title></head>
<body>
<center><h1>404 Not Found</h1></center>
<hr><center>nginx/1.25.3</center>
</body>
</html>

Thread-7 (get_timestamp) 1713169609.570305 <html>
<head><title>404 Not Found</title></head>
<body>
<center><h1>404 Not Found</h1></center>
<hr><center>nginx/1.25.3</center>
</body>
</html>

Thread-8 (get_timestamp) 1713169609.569134 <html>
<head><title>404 Not Found</title></head>
<body>
<center><h1>404 Not Found</h1></center>
<hr><center>nginx/1.25.3</center>
</body>
</html>

Thread-4 (get_timestamp) 1713169609.583083 <html>
<head><title>404 Not Found</title></head>
<body>
<center><h1>404 Not Found</h1></center>
<hr><center>nginx/1.25.3</center>
</body>
</html>

Thread-6 (get_timestamp) 1713169609.583353 <html>
<head><title>404 Not Found</title></head>
<body>
<center><h1>404 Not Found</h1></center>
<hr><center>nginx/1.25.3</center>
</body>
</html>

Thread-5 (get_timestamp) 1713169609.581996 <html>
<head><title>404 Not Found</title></head>
<body>
<center><h1>404 Not Found</h1></center>
<hr><center>nginx/1.25.3</center>
</body>
</html>

Thread-3 (get_timestamp) 1713169609.654566 <html>
<head><title>404 Not Found</title></head>
<body>
<center><h1>404 Not Found</h1></center>
<hr><center>nginx/1.25.3</center>
</body>
</html>

Thread-2 (get_timestamp) 1713169609.653889 <html>
<head><title>404 Not Found</title></head>
<body>
<center><h1>404 Not Found</h1></center>
<hr><center>nginx/1.25.3</center>
</body>
</html>

Thread-1 (get_timestamp) 1713169609.654249 <html>
<head><title>404 Not Found</title></head>
<body>
<center><h1>404 Not Found</h1></center>
<hr><center>nginx/1.25.3</center>
</body>
</html>

Thread-9 (get_timestamp) 1713169610.562796 <html>
<head><title>404 Not Found</title></head>
<body>
<center><h1>404 Not Found</h1></center>
<hr><center>nginx/1.25.3</center>
</body>
</html>

Thread-10 (get_timestamp) 1713169610.563195 <html>
<head><title>404 Not Found</title></head>
<body>
<center><h1>404 Not Found</h1></center>
<hr><center>nginx/1.25.3</center>
</body>
</html>

Thread-7 (get_timestamp) 1713169610.580184 <html>
<head><title>404 Not Found</title></head>
<body>
<center><h1>404 Not Found</h1></center>
<hr><center>nginx/1.25.3</center>
</body>
</html>

Thread-8 (get_timestamp) 1713169610.580502 <html>
<head><title>404 Not Found</title></head>
<body>
<center><h1>404 Not Found</h1></center>
<hr><center>nginx/1.25.3</center>
</body>
</html>

Thread-4 (get_timestamp) 1713169610.59498 <html>
<head><title>404 Not Found</title></head>
<body>
<center><h1>404 Not Found</h1></center>
<hr><center>nginx/1.25.3</center>
</body>
</html>

Thread-6 (get_timestamp) 1713169610.598076 <html>
<head><title>404 Not Found</title></head>
<body>
<center><h1>404 Not Found</h1></center>
<hr><center>nginx/1.25.3</center>
</body>
</html>

Thread-5 (get_timestamp) 1713169610.597779 <html>
<head><title>404 Not Found</title></head>
<body>
<center><h1>404 Not Found</h1></center>
<hr><center>nginx/1.25.3</center>
</body>
</html>

Thread-3 (get_timestamp) 1713169610.66472 <html>
<head><title>404 Not Found</title></head>
<body>
<center><h1>404 Not Found</h1></center>
<hr><center>nginx/1.25.3</center>
</body>
</html>

Thread-1 (get_timestamp) 1713169610.668063 <html>
<head><title>404 Not Found</title></head>
<body>
<center><h1>404 Not Found</h1></center>
<hr><center>nginx/1.25.3</center>
</body>
</html>

Thread-2 (get_timestamp) 1713169610.668812 <html>
<head><title>404 Not Found</title></head>
<body>
<center><h1>404 Not Found</h1></center>
<hr><center>nginx/1.25.3</center>
</body>
</html>

Thread-10 (get_timestamp) 1713169611.571868 <html>
<head><title>404 Not Found</title></head>
<body>
<center><h1>404 Not Found</h1></center>
<hr><center>nginx/1.25.3</center>
</body>
</html>

Thread-9 (get_timestamp) 1713169611.570767 <html>
<head><title>404 Not Found</title></head>
<body>
<center><h1>404 Not Found</h1></center>
<hr><center>nginx/1.25.3</center>
</body>
</html>

Thread-7 (get_timestamp) 1713169611.592521 <html>
<head><title>404 Not Found</title></head>
<body>
<center><h1>404 Not Found</h1></center>
<hr><center>nginx/1.25.3</center>
</body>
</html>

Thread-8 (get_timestamp) 1713169611.593605 <html>
<head><title>404 Not Found</title></head>
<body>
<center><h1>404 Not Found</h1></center>
<hr><center>nginx/1.25.3</center>
</body>
</html>

Thread-4 (get_timestamp) 1713169611.608571 <html>
<head><title>404 Not Found</title></head>
<body>
<center><h1>404 Not Found</h1></center>
<hr><center>nginx/1.25.3</center>
</body>
</html>

Thread-6 (get_timestamp) 1713169611.609636 <html>
<head><title>404 Not Found</title></head>
<body>
<center><h1>404 Not Found</h1></center>
<hr><center>nginx/1.25.3</center>
</body>
</html>

Thread-5 (get_timestamp) 1713169611.610936 <html>
<head><title>404 Not Found</title></head>
<body>
<center><h1>404 Not Found</h1></center>
<hr><center>nginx/1.25.3</center>
</body>
</html>

Thread-3 (get_timestamp) 1713169611.673832 <html>
<head><title>404 Not Found</title></head>
<body>
<center><h1>404 Not Found</h1></center>
<hr><center>nginx/1.25.3</center>
</body>
</html>

Thread-2 (get_timestamp) 1713169611.676728 <html>
<head><title>404 Not Found</title></head>
<body>
<center><h1>404 Not Found</h1></center>
<hr><center>nginx/1.25.3</center>
</body>
</html>

Thread-1 (get_timestamp) 1713169611.676131 <html>
<head><title>404 Not Found</title></head>
<body>
<center><h1>404 Not Found</h1></center>
<hr><center>nginx/1.25.3</center>
</body>
</html>

Thread-9 (get_timestamp) 1713169612.584833 <html>
<head><title>404 Not Found</title></head>
<body>
<center><h1>404 Not Found</h1></center>
<hr><center>nginx/1.25.3</center>
</body>
</html>

Thread-10 (get_timestamp) 1713169612.583717 <html>
<head><title>404 Not Found</title></head>
<body>
<center><h1>404 Not Found</h1></center>
<hr><center>nginx/1.25.3</center>
</body>
</html>

Thread-7 (get_timestamp) 1713169612.600478 <html>
<head><title>404 Not Found</title></head>
<body>
<center><h1>404 Not Found</h1></center>
<hr><center>nginx/1.25.3</center>
</body>
</html>

Thread-8 (get_timestamp) 1713169612.601585 <html>
<head><title>404 Not Found</title></head>
<body>
<center><h1>404 Not Found</h1></center>
<hr><center>nginx/1.25.3</center>
</body>
</html>

Thread-4 (get_timestamp) 1713169612.618497 <html>
<head><title>404 Not Found</title></head>
<body>
<center><h1>404 Not Found</h1></center>
<hr><center>nginx/1.25.3</center>
</body>
</html>

Thread-6 (get_timestamp) 1713169612.618824 <html>
<head><title>404 Not Found</title></head>
<body>
<center><h1>404 Not Found</h1></center>
<hr><center>nginx/1.25.3</center>
</body>
</html>

Thread-5 (get_timestamp) 1713169612.620643 <html>
<head><title>404 Not Found</title></head>
<body>
<center><h1>404 Not Found</h1></center>
<hr><center>nginx/1.25.3</center>
</body>
</html>

Thread-3 (get_timestamp) 1713169612.680778 <html>
<head><title>404 Not Found</title></head>
<body>
<center><h1>404 Not Found</h1></center>
<hr><center>nginx/1.25.3</center>
</body>
</html>

Thread-2 (get_timestamp) 1713169612.684181 <html>
<head><title>404 Not Found</title></head>
<body>
<center><h1>404 Not Found</h1></center>
<hr><center>nginx/1.25.3</center>
</body>
</html>

Thread-1 (get_timestamp) 1713169612.683835 <html>
<head><title>404 Not Found</title></head>
<body>
<center><h1>404 Not Found</h1></center>
<hr><center>nginx/1.25.3</center>
</body>
</html>

Thread-10 (get_timestamp) 1713169613.598678 <html>
<head><title>404 Not Found</title></head>
<body>
<center><h1>404 Not Found</h1></center>
<hr><center>nginx/1.25.3</center>
</body>
</html>

Thread-9 (get_timestamp) 1713169613.597568 <html>
<head><title>404 Not Found</title></head>
<body>
<center><h1>404 Not Found</h1></center>
<hr><center>nginx/1.25.3</center>
</body>
</html>

Thread-8 (get_timestamp) 1713169613.613247 <html>
<head><title>404 Not Found</title></head>
<body>
<center><h1>404 Not Found</h1></center>
<hr><center>nginx/1.25.3</center>
</body>
</html>

Thread-7 (get_timestamp) 1713169613.612156 <html>
<head><title>404 Not Found</title></head>
<body>
<center><h1>404 Not Found</h1></center>
<hr><center>nginx/1.25.3</center>
</body>
</html>

Thread-4 (get_timestamp) 1713169613.629657 <html>
<head><title>404 Not Found</title></head>
<body>
<center><h1>404 Not Found</h1></center>
<hr><center>nginx/1.25.3</center>
</body>
</html>

Thread-6 (get_timestamp) 1713169613.630826 <html>
<head><title>404 Not Found</title></head>
<body>
<center><h1>404 Not Found</h1></center>
<hr><center>nginx/1.25.3</center>
</body>
</html>

Thread-5 (get_timestamp) 1713169613.631092 <html>
<head><title>404 Not Found</title></head>
<body>
<center><h1>404 Not Found</h1></center>
<hr><center>nginx/1.25.3</center>
</body>
</html>

Thread-3 (get_timestamp) 1713169613.689511 <html>
<head><title>404 Not Found</title></head>
<body>
<center><h1>404 Not Found</h1></center>
<hr><center>nginx/1.25.3</center>
</body>
</html>

Thread-1 (get_timestamp) 1713169613.696615 <html>
<head><title>404 Not Found</title></head>
<body>
<center><h1>404 Not Found</h1></center>
<hr><center>nginx/1.25.3</center>
</body>
</html>

Thread-2 (get_timestamp) 1713169613.695506 <html>
<head><title>404 Not Found</title></head>
<body>
<center><h1>404 Not Found</h1></center>
<hr><center>nginx/1.25.3</center>
</body>
</html>

Thread-9 (get_timestamp) 1713169614.610345 <html>
<head><title>404 Not Found</title></head>
<body>
<center><h1>404 Not Found</h1></center>
<hr><center>nginx/1.25.3</center>
</body>
</html>

Thread-10 (get_timestamp) 1713169614.610133 <html>
<head><title>404 Not Found</title></head>
<body>
<center><h1>404 Not Found</h1></center>
<hr><center>nginx/1.25.3</center>
</body>
</html>

Thread-8 (get_timestamp) 1713169614.622361 <html>
<head><title>404 Not Found</title></head>
<body>
<center><h1>404 Not Found</h1></center>
<hr><center>nginx/1.25.3</center>
</body>
</html>

Thread-7 (get_timestamp) 1713169614.622847 <html>
<head><title>404 Not Found</title></head>
<body>
<center><h1>404 Not Found</h1></center>
<hr><center>nginx/1.25.3</center>
</body>
</html>

Thread-6 (get_timestamp) 1713169614.64033 <html>
<head><title>404 Not Found</title></head>
<body>
<center><h1>404 Not Found</h1></center>
<hr><center>nginx/1.25.3</center>
</body>
</html>

Thread-4 (get_timestamp) 1713169614.640051 <html>
<head><title>404 Not Found</title></head>
<body>
<center><h1>404 Not Found</h1></center>
<hr><center>nginx/1.25.3</center>
</body>
</html>

Thread-5 (get_timestamp) 1713169614.643447 <html>
<head><title>404 Not Found</title></head>
<body>
<center><h1>404 Not Found</h1></center>
<hr><center>nginx/1.25.3</center>
</body>
</html>

Thread-3 (get_timestamp) 1713169614.699325 <html>
<head><title>404 Not Found</title></head>
<body>
<center><h1>404 Not Found</h1></center>
<hr><center>nginx/1.25.3</center>
</body>
</html>

Thread-2 (get_timestamp) 1713169614.706847 <html>
<head><title>404 Not Found</title></head>
<body>
<center><h1>404 Not Found</h1></center>
<hr><center>nginx/1.25.3</center>
</body>
</html>

Thread-1 (get_timestamp) 1713169614.705735 <html>
<head><title>404 Not Found</title></head>
<body>
<center><h1>404 Not Found</h1></center>
<hr><center>nginx/1.25.3</center>
</body>
</html>

Thread-9 (get_timestamp) 1713169615.615168 <html>
<head><title>404 Not Found</title></head>
<body>
<center><h1>404 Not Found</h1></center>
<hr><center>nginx/1.25.3</center>
</body>
</html>

Thread-10 (get_timestamp) 1713169615.616246 <html>
<head><title>404 Not Found</title></head>
<body>
<center><h1>404 Not Found</h1></center>
<hr><center>nginx/1.25.3</center>
</body>
</html>

Thread-7 (get_timestamp) 1713169615.630073 <html>
<head><title>404 Not Found</title></head>
<body>
<center><h1>404 Not Found</h1></center>
<hr><center>nginx/1.25.3</center>
</body>
</html>

Thread-8 (get_timestamp) 1713169615.62892 <html>
<head><title>404 Not Found</title></head>
<body>
<center><h1>404 Not Found</h1></center>
<hr><center>nginx/1.25.3</center>
</body>
</html>

Thread-6 (get_timestamp) 1713169615.649816 <html>
<head><title>404 Not Found</title></head>
<body>
<center><h1>404 Not Found</h1></center>
<hr><center>nginx/1.25.3</center>
</body>
</html>

Thread-5 (get_timestamp) 1713169615.651335 <html>
<head><title>404 Not Found</title></head>
<body>
<center><h1>404 Not Found</h1></center>
<hr><center>nginx/1.25.3</center>
</body>
</html>

Thread-4 (get_timestamp) 1713169615.650918 <html>
<head><title>404 Not Found</title></head>
<body>
<center><h1>404 Not Found</h1></center>
<hr><center>nginx/1.25.3</center>
</body>
</html>

Thread-3 (get_timestamp) 1713169615.705984 <html>
<head><title>404 Not Found</title></head>
<body>
<center><h1>404 Not Found</h1></center>
<hr><center>nginx/1.25.3</center>
</body>
</html>

Thread-1 (get_timestamp) 1713169615.719485 <html>
<head><title>404 Not Found</title></head>
<body>
<center><h1>404 Not Found</h1></center>
<hr><center>nginx/1.25.3</center>
</body>
</html>

Thread-2 (get_timestamp) 1713169615.71836 <html>
<head><title>404 Not Found</title></head>
<body>
<center><h1>404 Not Found</h1></center>
<hr><center>nginx/1.25.3</center>
</body>
</html>

Thread-9 (get_timestamp) 1713169616.627611 <html>
<head><title>404 Not Found</title></head>
<body>
<center><h1>404 Not Found</h1></center>
<hr><center>nginx/1.25.3</center>
</body>
</html>

Thread-10 (get_timestamp) 1713169616.627984 <html>
<head><title>404 Not Found</title></head>
<body>
<center><h1>404 Not Found</h1></center>
<hr><center>nginx/1.25.3</center>
</body>
</html>

Thread-7 (get_timestamp) 1713169616.63929 <html>
<head><title>404 Not Found</title></head>
<body>
<center><h1>404 Not Found</h1></center>
<hr><center>nginx/1.25.3</center>
</body>
</html>

Thread-8 (get_timestamp) 1713169616.639656 <html>
<head><title>404 Not Found</title></head>
<body>
<center><h1>404 Not Found</h1></center>
<hr><center>nginx/1.25.3</center>
</body>
</html>

Thread-6 (get_timestamp) 1713169616.664599 <html>
<head><title>404 Not Found</title></head>
<body>
<center><h1>404 Not Found</h1></center>
<hr><center>nginx/1.25.3</center>
</body>
</html>

Thread-5 (get_timestamp) 1713169616.665787 <html>
<head><title>404 Not Found</title></head>
<body>
<center><h1>404 Not Found</h1></center>
<hr><center>nginx/1.25.3</center>
</body>
</html>

Thread-4 (get_timestamp) 1713169616.66606 <html>
<head><title>404 Not Found</title></head>
<body>
<center><h1>404 Not Found</h1></center>
<hr><center>nginx/1.25.3</center>
</body>
</html>

Thread-3 (get_timestamp) 1713169616.715285 <html>
<head><title>404 Not Found</title></head>
<body>
<center><h1>404 Not Found</h1></center>
<hr><center>nginx/1.25.3</center>
</body>
</html>

Thread-1 (get_timestamp) 1713169616.728592 <html>
<head><title>404 Not Found</title></head>
<body>
<center><h1>404 Not Found</h1></center>
<hr><center>nginx/1.25.3</center>
</body>
</html>

Thread-2 (get_timestamp) 1713169616.728962 <html>
<head><title>404 Not Found</title></head>
<body>
<center><h1>404 Not Found</h1></center>
<hr><center>nginx/1.25.3</center>
</body>
</html>

Thread-9 (get_timestamp) 1713169617.638598 <html>
<head><title>404 Not Found</title></head>
<body>
<center><h1>404 Not Found</h1></center>
<hr><center>nginx/1.25.3</center>
</body>
</html>

Thread-10 (get_timestamp) 1713169617.639771 <html>
<head><title>404 Not Found</title></head>
<body>
<center><h1>404 Not Found</h1></center>
<hr><center>nginx/1.25.3</center>
</body>
</html>

Thread-8 (get_timestamp) 1713169617.651282 <html>
<head><title>404 Not Found</title></head>
<body>
<center><h1>404 Not Found</h1></center>
<hr><center>nginx/1.25.3</center>
</body>
</html>

Thread-7 (get_timestamp) 1713169617.650118 <html>
<head><title>404 Not Found</title></head>
<body>
<center><h1>404 Not Found</h1></center>
<hr><center>nginx/1.25.3</center>
</body>
</html>

Thread-6 (get_timestamp) 1713169617.674459 <html>
<head><title>404 Not Found</title></head>
<body>
<center><h1>404 Not Found</h1></center>
<hr><center>nginx/1.25.3</center>
</body>
</html>

Thread-5 (get_timestamp) 1713169617.675567 <html>
<head><title>404 Not Found</title></head>
<body>
<center><h1>404 Not Found</h1></center>
<hr><center>nginx/1.25.3</center>
</body>
</html>

Thread-4 (get_timestamp) 1713169617.679314 <html>
<head><title>404 Not Found</title></head>
<body>
<center><h1>404 Not Found</h1></center>
<hr><center>nginx/1.25.3</center>
</body>
</html>

Thread-3 (get_timestamp) 1713169617.724201 <html>
<head><title>404 Not Found</title></head>
<body>
<center><h1>404 Not Found</h1></center>
<hr><center>nginx/1.25.3</center>
</body>
</html>

Thread-1 (get_timestamp) 1713169617.737095 <html>
<head><title>404 Not Found</title></head>
<body>
<center><h1>404 Not Found</h1></center>
<hr><center>nginx/1.25.3</center>
</body>
</html>

Thread-2 (get_timestamp) 1713169617.740795 <html>
<head><title>404 Not Found</title></head>
<body>
<center><h1>404 Not Found</h1></center>
<hr><center>nginx/1.25.3</center>
</body>
</html>

Thread-9 (get_timestamp) 1713169618.648249 <html>
<head><title>404 Not Found</title></head>
<body>
<center><h1>404 Not Found</h1></center>
<hr><center>nginx/1.25.3</center>
</body>
</html>

Thread-10 (get_timestamp) 1713169618.648712 <html>
<head><title>404 Not Found</title></head>
<body>
<center><h1>404 Not Found</h1></center>
<hr><center>nginx/1.25.3</center>
</body>
</html>

Thread-7 (get_timestamp) 1713169618.663691 <html>
<head><title>404 Not Found</title></head>
<body>
<center><h1>404 Not Found</h1></center>
<hr><center>nginx/1.25.3</center>
</body>
</html>

Thread-8 (get_timestamp) 1713169618.662597 <html>
<head><title>404 Not Found</title></head>
<body>
<center><h1>404 Not Found</h1></center>
<hr><center>nginx/1.25.3</center>
</body>
</html>

Thread-4 (get_timestamp) 1713169618.689999 <html>
<head><title>404 Not Found</title></head>
<body>
<center><h1>404 Not Found</h1></center>
<hr><center>nginx/1.25.3</center>
</body>
</html>

Thread-5 (get_timestamp) 1713169618.690272 <html>
<head><title>404 Not Found</title></head>
<body>
<center><h1>404 Not Found</h1></center>
<hr><center>nginx/1.25.3</center>
</body>
</html>

Thread-6 (get_timestamp) 1713169618.688876 <html>
<head><title>404 Not Found</title></head>
<body>
<center><h1>404 Not Found</h1></center>
<hr><center>nginx/1.25.3</center>
</body>
</html>

Thread-3 (get_timestamp) 1713169618.732112 <html>
<head><title>404 Not Found</title></head>
<body>
<center><h1>404 Not Found</h1></center>
<hr><center>nginx/1.25.3</center>
</body>
</html>

Thread-1 (get_timestamp) 1713169618.747476 <html>
<head><title>404 Not Found</title></head>
<body>
<center><h1>404 Not Found</h1></center>
<hr><center>nginx/1.25.3</center>
</body>
</html>

Thread-2 (get_timestamp) 1713169618.747791 <html>
<head><title>404 Not Found</title></head>
<body>
<center><h1>404 Not Found</h1></center>
<hr><center>nginx/1.25.3</center>
</body>
</html>

Thread-10 (get_timestamp) 1713169619.65696 <html>
<head><title>404 Not Found</title></head>
<body>
<center><h1>404 Not Found</h1></center>
<hr><center>nginx/1.25.3</center>
</body>
</html>

Thread-9 (get_timestamp) 1713169619.65586 <html>
<head><title>404 Not Found</title></head>
<body>
<center><h1>404 Not Found</h1></center>
<hr><center>nginx/1.25.3</center>
</body>
</html>

Thread-8 (get_timestamp) 1713169619.673782 <html>
<head><title>404 Not Found</title></head>
<body>
<center><h1>404 Not Found</h1></center>
<hr><center>nginx/1.25.3</center>
</body>
</html>

Thread-7 (get_timestamp) 1713169619.674883 <html>
<head><title>404 Not Found</title></head>
<body>
<center><h1>404 Not Found</h1></center>
<hr><center>nginx/1.25.3</center>
</body>
</html>

Thread-4 (get_timestamp) 1713169619.702635 <html>
<head><title>404 Not Found</title></head>
<body>
<center><h1>404 Not Found</h1></center>
<hr><center>nginx/1.25.3</center>
</body>
</html>

Thread-6 (get_timestamp) 1713169619.703999 <html>
<head><title>404 Not Found</title></head>
<body>
<center><h1>404 Not Found</h1></center>
<hr><center>nginx/1.25.3</center>
</body>
</html>

Thread-5 (get_timestamp) 1713169619.70373 <html>
<head><title>404 Not Found</title></head>
<body>
<center><h1>404 Not Found</h1></center>
<hr><center>nginx/1.25.3</center>
</body>
</html>

Thread-3 (get_timestamp) 1713169619.73945 <html>
<head><title>404 Not Found</title></head>
<body>
<center><h1>404 Not Found</h1></center>
<hr><center>nginx/1.25.3</center>
</body>
</html>

Thread-1 (get_timestamp) 1713169619.758445 <html>
<head><title>404 Not Found</title></head>
<body>
<center><h1>404 Not Found</h1></center>
<hr><center>nginx/1.25.3</center>
</body>
</html>

Thread-2 (get_timestamp) 1713169619.759609 <html>
<head><title>404 Not Found</title></head>
<body>
<center><h1>404 Not Found</h1></center>
<hr><center>nginx/1.25.3</center>
</body>
</html>

Thread-10 (get_timestamp) 1713169620.668754 <html>
<head><title>404 Not Found</title></head>
<body>
<center><h1>404 Not Found</h1></center>
<hr><center>nginx/1.25.3</center>
</body>
</html>

Thread-9 (get_timestamp) 1713169620.669847 <html>
<head><title>404 Not Found</title></head>
<body>
<center><h1>404 Not Found</h1></center>
<hr><center>nginx/1.25.3</center>
</body>
</html>

Thread-8 (get_timestamp) 1713169620.681055 <html>
<head><title>404 Not Found</title></head>
<body>
<center><h1>404 Not Found</h1></center>
<hr><center>nginx/1.25.3</center>
</body>
</html>

Thread-7 (get_timestamp) 1713169620.684432 <html>
<head><title>404 Not Found</title></head>
<body>
<center><h1>404 Not Found</h1></center>
<hr><center>nginx/1.25.3</center>
</body>
</html>

Thread-4 (get_timestamp) 1713169620.714126 <html>
<head><title>404 Not Found</title></head>
<body>
<center><h1>404 Not Found</h1></center>
<hr><center>nginx/1.25.3</center>
</body>
</html>

Thread-5 (get_timestamp) 1713169620.718714 <html>
<head><title>404 Not Found</title></head>
<body>
<center><h1>404 Not Found</h1></center>
<hr><center>nginx/1.25.3</center>
</body>
</html>

Thread-6 (get_timestamp) 1713169620.717515 <html>
<head><title>404 Not Found</title></head>
<body>
<center><h1>404 Not Found</h1></center>
<hr><center>nginx/1.25.3</center>
</body>
</html>

Thread-3 (get_timestamp) 1713169620.746563 <html>
<head><title>404 Not Found</title></head>
<body>
<center><h1>404 Not Found</h1></center>
<hr><center>nginx/1.25.3</center>
</body>
</html>

Thread-2 (get_timestamp) 1713169620.769981 <html>
<head><title>404 Not Found</title></head>
<body>
<center><h1>404 Not Found</h1></center>
<hr><center>nginx/1.25.3</center>
</body>
</html>

Thread-9 (get_timestamp) 1713169621.682594 <html>
<head><title>404 Not Found</title></head>
<body>
<center><h1>404 Not Found</h1></center>
<hr><center>nginx/1.25.3</center>
</body>
</html>

Thread-10 (get_timestamp) 1713169621.681466 <html>
<head><title>404 Not Found</title></head>
<body>
<center><h1>404 Not Found</h1></center>
<hr><center>nginx/1.25.3</center>
</body>
</html>

Thread-8 (get_timestamp) 1713169621.688377 <html>
<head><title>404 Not Found</title></head>
<body>
<center><h1>404 Not Found</h1></center>
<hr><center>nginx/1.25.3</center>
</body>
</html>

Thread-7 (get_timestamp) 1713169621.693393 <html>
<head><title>404 Not Found</title></head>
<body>
<center><h1>404 Not Found</h1></center>
<hr><center>nginx/1.25.3</center>
</body>
</html>

Thread-4 (get_timestamp) 1713169621.723137 <html>
<head><title>404 Not Found</title></head>
<body>
<center><h1>404 Not Found</h1></center>
<hr><center>nginx/1.25.3</center>
</body>
</html>

Thread-6 (get_timestamp) 1713169621.726755 <html>
<head><title>404 Not Found</title></head>
<body>
<center><h1>404 Not Found</h1></center>
<hr><center>nginx/1.25.3</center>
</body>
</html>

Thread-5 (get_timestamp) 1713169621.726524 <html>
<head><title>404 Not Found</title></head>
<body>
<center><h1>404 Not Found</h1></center>
<hr><center>nginx/1.25.3</center>
</body>
</html>

Thread-3 (get_timestamp) 1713169621.752048 <html>
<head><title>404 Not Found</title></head>
<body>
<center><h1>404 Not Found</h1></center>
<hr><center>nginx/1.25.3</center>
</body>
</html>

Thread-9 (get_timestamp) 1713169622.692883 <html>
<head><title>404 Not Found</title></head>
<body>
<center><h1>404 Not Found</h1></center>
<hr><center>nginx/1.25.3</center>
</body>
</html>

Thread-8 (get_timestamp) 1713169622.693552 <html>
<head><title>404 Not Found</title></head>
<body>
<center><h1>404 Not Found</h1></center>
<hr><center>nginx/1.25.3</center>
</body>
</html>

Thread-10 (get_timestamp) 1713169622.693252 <html>
<head><title>404 Not Found</title></head>
<body>
<center><h1>404 Not Found</h1></center>
<hr><center>nginx/1.25.3</center>
</body>
</html>

Thread-7 (get_timestamp) 1713169622.699991 <html>
<head><title>404 Not Found</title></head>
<body>
<center><h1>404 Not Found</h1></center>
<hr><center>nginx/1.25.3</center>
</body>
</html>

Thread-4 (get_timestamp) 1713169622.733183 <html>
<head><title>404 Not Found</title></head>
<body>
<center><h1>404 Not Found</h1></center>
<hr><center>nginx/1.25.3</center>
</body>
</html>

Thread-5 (get_timestamp) 1713169622.736649 <html>
<head><title>404 Not Found</title></head>
<body>
<center><h1>404 Not Found</h1></center>
<hr><center>nginx/1.25.3</center>
</body>
</html>

Thread-6 (get_timestamp) 1713169622.734366 <html>
<head><title>404 Not Found</title></head>
<body>
<center><h1>404 Not Found</h1></center>
<hr><center>nginx/1.25.3</center>
</body>
</html>

Thread-9 (get_timestamp) 1713169623.707258 <html>
<head><title>404 Not Found</title></head>
<body>
<center><h1>404 Not Found</h1></center>
<hr><center>nginx/1.25.3</center>
</body>
</html>

Thread-10 (get_timestamp) 1713169623.707938 <html>
<head><title>404 Not Found</title></head>
<body>
<center><h1>404 Not Found</h1></center>
<hr><center>nginx/1.25.3</center>
</body>
</html>

Thread-7 (get_timestamp) 1713169623.71036 <html>
<head><title>404 Not Found</title></head>
<body>
<center><h1>404 Not Found</h1></center>
<hr><center>nginx/1.25.3</center>
</body>
</html>

Thread-8 (get_timestamp) 1713169623.707632 <html>
<head><title>404 Not Found</title></head>
<body>
<center><h1>404 Not Found</h1></center>
<hr><center>nginx/1.25.3</center>
</body>
</html>

Thread-5 (get_timestamp) 1713169623.748002 <html>
<head><title>404 Not Found</title></head>
<body>
<center><h1>404 Not Found</h1></center>
<hr><center>nginx/1.25.3</center>
</body>
</html>

Thread-6 (get_timestamp) 1713169623.749168 <html>
<head><title>404 Not Found</title></head>
<body>
<center><h1>404 Not Found</h1></center>
<hr><center>nginx/1.25.3</center>
</body>
</html>

Thread-9 (get_timestamp) 1713169624.723096 <html>
<head><title>404 Not Found</title></head>
<body>
<center><h1>404 Not Found</h1></center>
<hr><center>nginx/1.25.3</center>
</body>
</html>

Thread-7 (get_timestamp) 1713169624.723854 <html>
<head><title>404 Not Found</title></head>
<body>
<center><h1>404 Not Found</h1></center>
<hr><center>nginx/1.25.3</center>
</body>
</html>

Thread-8 (get_timestamp) 1713169624.723533 <html>
<head><title>404 Not Found</title></head>
<body>
<center><h1>404 Not Found</h1></center>
<hr><center>nginx/1.25.3</center>
</body>
</html>

Thread-10 (get_timestamp) 1713169624.724898 <html>
<head><title>404 Not Found</title></head>
<body>
<center><h1>404 Not Found</h1></center>
<hr><center>nginx/1.25.3</center>
</body>
</html>

Thread-6 (get_timestamp) 1713169624.759365 <html>
<head><title>404 Not Found</title></head>
<body>
<center><h1>404 Not Found</h1></center>
<hr><center>nginx/1.25.3</center>
</body>
</html>

Thread-9 (get_timestamp) 1713169625.736629 <html>
<head><title>404 Not Found</title></head>
<body>
<center><h1>404 Not Found</h1></center>
<hr><center>nginx/1.25.3</center>
</body>
</html>

Thread-10 (get_timestamp) 1713169625.740359 <html>
<head><title>404 Not Found</title></head>
<body>
<center><h1>404 Not Found</h1></center>
<hr><center>nginx/1.25.3</center>
</body>
</html>

Thread-8 (get_timestamp) 1713169625.740023 <html>
<head><title>404 Not Found</title></head>
<body>
<center><h1>404 Not Found</h1></center>
<hr><center>nginx/1.25.3</center>
</body>
</html>

Thread-7 (get_timestamp) 1713169625.739712 <html>
<head><title>404 Not Found</title></head>
<body>
<center><h1>404 Not Found</h1></center>
<hr><center>nginx/1.25.3</center>
</body>
</html>

Thread-9 (get_timestamp) 1713169626.746916 <html>
<head><title>404 Not Found</title></head>
<body>
<center><h1>404 Not Found</h1></center>
<hr><center>nginx/1.25.3</center>
</body>
</html>

Thread-8 (get_timestamp) 1713169626.751 <html>
<head><title>404 Not Found</title></head>
<body>
<center><h1>404 Not Found</h1></center>
<hr><center>nginx/1.25.3</center>
</body>
</html>

Thread-10 (get_timestamp) 1713169626.750714 <html>
<head><title>404 Not Found</title></head>
<body>
<center><h1>404 Not Found</h1></center>
<hr><center>nginx/1.25.3</center>
</body>
</html>

Thread-9 (get_timestamp) 1713169627.757856 <html>
<head><title>404 Not Found</title></head>
<body>
<center><h1>404 Not Found</h1></center>
<hr><center>nginx/1.25.3</center>
</body>
</html>

Thread-10 (get_timestamp) 1713169627.760784 <html>
<head><title>404 Not Found</title></head>
<body>
<center><h1>404 Not Found</h1></center>
<hr><center>nginx/1.25.3</center>
</body>
</html>

Thread-10 (get_timestamp) 1713169628.768351 <html>
<head><title>404 Not Found</title></head>
<body>
<center><h1>404 Not Found</h1></center>
<hr><center>nginx/1.25.3</center>
</body>
</html>

